2022.03.09 18:58:36 INFO  tracing is disabled for protocol LSP, to enable tracing of incoming and outgoing JSON messages create an empty file at /home/ubuntu/Raisonians/.metals/lsp.trace.json or /root/.cache/metals/lsp.trace.json
2022.03.09 18:58:37 INFO  logging to file /home/ubuntu/Raisonians/.metals/metals.log
2022.03.09 18:58:37 INFO  Started: Metals version 0.11.2 in workspace '/home/ubuntu/Raisonians' for client code-server 1.63.0.
2022.03.09 18:58:37 INFO  Parse release: 17.0.2
2022.03.09 18:58:37 WARN  Can't instantiate JavaInteractiveSemanticdb (version: Some(JdkVersion(17,0)), jdkHome: /usr/lib/jvm/java-17-openjdk-arm64, javac exists: false)
2022.03.09 18:58:38 INFO  time: initialize in 1.7s
2022.03.09 18:58:39 WARN  Build server is not auto-connectable.
2022.03.09 18:58:39 WARN  no build tool detected in workspace '/home/ubuntu/Raisonians'. The most common cause for this problem is that the editor was opened in the wrong working directory, for example if you use sbt then the workspace directory should contain build.sbt. 
2022.03.09 18:58:40 WARN  no build target for: /home/ubuntu/Raisonians/Mukula/hello.java
Mar 09, 2022 6:58:45 PM org.eclipse.lsp4j.jsonrpc.services.GenericEndpoint notify
INFO: Unsupported notification method: $/setTrace
Mar 09, 2022 6:59:03 PM org.eclipse.lsp4j.jsonrpc.RemoteEndpoint handleCancellation
WARNING: Unmatched cancel notification for request id 2
2022.03.09 18:59:38 INFO  no build target found for /home/ubuntu/Raisonians/Mukula/hello.java. Using presentation compiler with project's scala-library version: 3.1.1
Exception in thread "pool-3-thread-1" java.util.NoSuchElementException: next on empty iterator
	at scala.collection.Iterator$$anon$19.next(Iterator.scala:966)
	at scala.collection.Iterator$$anon$19.next(Iterator.scala:964)
	at scala.collection.mutable.MutationTracker$CheckedIterator.next(MutationTracker.scala:76)
	at scala.collection.IterableOps.head(Iterable.scala:222)
	at scala.collection.IterableOps.head$(Iterable.scala:222)
	at scala.collection.AbstractIterable.head(Iterable.scala:926)
	at dotty.tools.dotc.interactive.InteractiveDriver.run(InteractiveDriver.scala:165)
	at scala.meta.internal.pc.HoverProvider$.hover(HoverProvider.scala:35)
	at scala.meta.internal.pc.ScalaPresentationCompiler.hover$$anonfun$1(ScalaPresentationCompiler.scala:197)
	at scala.meta.internal.pc.CompilerAccess.withSharedCompiler(CompilerAccess.scala:137)
	at scala.meta.internal.pc.CompilerAccess.withNonInterruptableCompiler$$anonfun$1(CompilerAccess.scala:125)
	at scala.meta.internal.pc.CompilerAccess.onCompilerJobQueue$$anonfun$1(CompilerAccess.scala:197)
	at scala.meta.internal.pc.CompilerJobQueue$Job.run(CompilerJobQueue.scala:139)
	at java.base/java.util.concurrent.ThreadPoolExecutor.runWorker(ThreadPoolExecutor.java:1136)
	at java.base/java.util.concurrent.ThreadPoolExecutor$Worker.run(ThreadPoolExecutor.java:635)
	at java.base/java.lang.Thread.run(Thread.java:833)
2022.03.10 01:45:00 INFO  shutting down Metals
2022.03.28 19:15:02 INFO  tracing is disabled for protocol LSP, to enable tracing of incoming and outgoing JSON messages create an empty file at /home/ubuntu/Raisonians/.metals/lsp.trace.json or /root/.cache/metals/lsp.trace.json
2022.03.28 19:15:02 INFO  logging to file /home/ubuntu/Raisonians/.metals/metals.log
2022.03.28 19:15:02 INFO  Started: Metals version 0.11.2 in workspace '/home/ubuntu/Raisonians' for client code-server 1.63.0.
2022.03.28 19:15:02 INFO  Parse release: 17.0.2
2022.03.28 19:15:02 WARN  Can't instantiate JavaInteractiveSemanticdb (version: Some(JdkVersion(17,0)), jdkHome: /usr/lib/jvm/java-17-openjdk-arm64, javac exists: false)
2022.03.28 19:15:04 INFO  time: initialize in 1.68s
2022.03.28 19:15:04 WARN  Build server is not auto-connectable.
2022.03.28 19:15:04 WARN  no build tool detected in workspace '/home/ubuntu/Raisonians'. The most common cause for this problem is that the editor was opened in the wrong working directory, for example if you use sbt then the workspace directory should contain build.sbt. 
2022.03.28 19:17:11 INFO  shutting down Metals
